<?xml version="1.0" encoding="UTF-8"?>
<!-- Generated by org.testng.reporters.JUnitXMLReporter -->
<testsuite ignored="0" hostname="INBGL1WLX49058" failures="0" tests="3" name="Default test" time="7.817" errors="0" timestamp="2024-08-07T16:19:19 IST">
  <testcase classname="org.mytests.MyTests" name="titleTest" time="0.136"/>
  <testcase classname="org.mytests.MyTests" name="loginTest" time="6.887"/>
  <testcase classname="org.mytests.MyTests" name="addingItems" time="0.702"/>
</testsuite> <!-- Default test -->
