<?xml version="1.0" encoding="UTF-8"?>
<testng-results ignored="0" total="1" passed="1" failed="0" skipped="0">
  <reporter-output>
  </reporter-output>
  <suite started-at="2024-07-21T12:47:18 IST" name="Default suite" finished-at="2024-07-21T12:47:18 IST" duration-ms="78">
    <groups>
    </groups>
    <test started-at="2024-07-21T12:47:18 IST" name="Default test" finished-at="2024-07-21T12:47:18 IST" duration-ms="78">
      <class name="org.mytests.MyTests">
        <test-method is-config="true" signature="launch()[pri:0, instance:org.mytests.MyTests@18388a3c]" started-at="2024-07-21T12:47:16 IST" name="launch" finished-at="2024-07-21T12:47:18 IST" duration-ms="1779" status="PASS">
          <reporter-output>
          </reporter-output>
        </test-method> <!-- launch -->
        <test-method signature="loginTest()[pri:0, instance:org.mytests.MyTests@18388a3c]" started-at="2024-07-21T12:47:18 IST" name="loginTest" finished-at="2024-07-21T12:47:18 IST" duration-ms="20" status="PASS">
          <reporter-output>
          </reporter-output>
        </test-method> <!-- loginTest -->
        <test-method is-config="true" signature="closing()[pri:0, instance:org.mytests.MyTests@18388a3c]" started-at="2024-07-21T12:47:18 IST" name="closing" finished-at="2024-07-21T12:47:18 IST" duration-ms="385" status="PASS">
          <reporter-output>
          </reporter-output>
        </test-method> <!-- closing -->
      </class> <!-- org.mytests.MyTests -->
    </test> <!-- Default test -->
  </suite> <!-- Default suite -->
</testng-results>
